<?xml version="1.0" encoding="UTF-8"?>
<!-- Generated by org.testng.reporters.JUnitReportReporter -->
<testsuite skipped="0" hostname="A" name="Test_post" tests="2" failures="0" timestamp="2020-03-27T19:36:14 IST" time="10.764" errors="0">
  <testcase name="Test_post" time="9.949" classname="Test_post"/>
  <system-out/>
  <testcase name="test_put" time="0.815" classname="Test_post"/>
  <system-out/>
</testsuite> <!-- Test_post -->
