<?xml version="1.0" encoding="UTF-8"?>
<!-- Generated by org.testng.reporters.JUnitReportReporter -->
<testsuite skipped="0" hostname="A" name="Test01_Get" tests="2" failures="0" timestamp="2020-03-27T13:33:49 IST" time="7.212" errors="0">
  <testcase name="test02" time="1.967" classname="Test01_Get"/>
  <system-out/>
  <testcase name="test01" time="5.245" classname="Test01_Get"/>
  <system-out/>
</testsuite> <!-- Test01_Get -->
