<?xml version="1.0" encoding="UTF-8"?>
<!-- Generated by org.testng.reporters.JUnitReportReporter -->
<testsuite skipped="1" hostname="A" name="Own_examples" tests="2" failures="0" timestamp="2020-03-27T23:20:16 IST" time="3.563" errors="0">
  <testcase name="test_delete" time="3.563" classname="Own_examples"/>
  <system-out/>
  <testcase name="test_get" classname="Own_examples">
    <skipped/>
  </testcase> <!-- test_get -->
  <system-out/>
</testsuite> <!-- Own_examples -->
